TN:
SF:src/components/List.tsx
FN:8,List
FN:12,addToList
FN:18,removeFromList
FN:30,onChange
FN:33,onClick
FN:44,onClick
FNF:6
FNH:6
FNDA:12,List
FNDA:1,addToList
FNDA:1,removeFromList
FNDA:6,onChange
FNDA:1,onClick
FNDA:1,onClick
DA:1,1
DA:2,1
DA:3,1
DA:4,1
DA:5,1
DA:6,1
DA:7,1
DA:8,1
DA:9,12
DA:10,12
DA:11,12
DA:12,12
DA:13,1
DA:14,1
DA:15,1
DA:16,1
DA:17,12
DA:18,12
DA:19,1
DA:20,1
DA:21,1
DA:22,1
DA:23,12
DA:24,12
DA:25,12
DA:26,12
DA:27,12
DA:28,12
DA:29,12
DA:30,12
DA:31,12
DA:32,12
DA:33,12
DA:34,12
DA:35,12
DA:36,12
DA:37,12
DA:38,12
DA:39,8
DA:40,8
DA:41,12
DA:42,12
DA:43,12
DA:44,12
DA:45,12
DA:46,12
DA:47,12
DA:48,12
DA:49,12
DA:50,12
DA:51,12
DA:52,12
DA:53,12
LF:53
LH:53
BRDA:8,0,0,12
BRDA:12,1,0,1
BRDA:13,2,0,1
BRDA:14,3,0,1
BRDA:18,4,0,1
BRDA:19,5,0,1
BRDA:20,6,0,1
BRDA:20,7,0,1
BRDA:30,8,0,6
BRDA:33,9,0,1
BRDA:38,10,0,8
BRDA:44,11,0,1
BRF:12
BRH:12
end_of_record
